#
# There is insufficient memory for the Java Runtime Environment to continue.
# Native memory allocation (mmap) failed to map 264241152 bytes for G1 virtual space
# Possible reasons:
#   The system is out of physical RAM or swap space
#   The process is running with CompressedOops enabled, and the Java Heap may be blocking the growth of the native heap
# Possible solutions:
#   Reduce memory load on the system
#   Increase physical memory or swap space
#   Check if swap backing store is full
#   Decrease Java heap size (-Xmx/-Xms)
#   Decrease number of Java threads
#   Decrease Java thread stack sizes (-Xss)
#   Set larger code cache with -XX:ReservedCodeCacheSize=
#   JVM is running with Zero Based Compressed Oops mode in which the Java heap is
#     placed in the first 32GB address space. The Java Heap base address is the
#     maximum limit for the native heap growth. Please use -XX:HeapBaseMinAddress
#     to set the Java Heap base and to place the Java Heap above 32GB virtual address.
# This output file may be truncated or incomplete.
#
#  Out of Memory Error (os_windows.cpp:3532), pid=21708, tid=26424
#
# JRE version:  (17.0.2+8) (build )
# Java VM: OpenJDK 64-Bit Server VM (17.0.2+8, mixed mode, sharing, tiered, compressed oops, compressed class ptrs, g1 gc, windows-amd64)
# No core dump will be written. Minidumps are not enabled by default on client versions of Windows
#

---------------  S U M M A R Y ------------

Command Line: -Dfile.encoding=Cp1252 -XX:+ShowCodeDetailsInExceptionMessages serveur.server

Host: Intel(R) Core(TM) i7-8665U CPU @ 1.90GHz, 8 cores, 15G,  Windows 10 , 64 bit Build 19041 (10.0.19041.1706)
Time: Wed Jun  1 17:05:27 2022 Est (heure d, 64 bit Build 19041 (10.0.19041.1706) elapsed time: 0.024355 seconds (0d 0h 0m 0s)

---------------  T H R E A D  ---------------

Current thread (0x000002b3f137d4b0):  JavaThread "Unknown thread" [_thread_in_vm, id=26424, stack(0x000000ebb6300000,0x000000ebb6400000)]

Stack: [0x000000ebb6300000,0x000000ebb6400000]
Native frames: (J=compiled Java code, j=interpreted, Vv=VM code, C=native code)
V  [jvm.dll+0x67564a]
V  [jvm.dll+0x82fc04]
V  [jvm.dll+0x8313ae]
V  [jvm.dll+0x831a13]
V  [jvm.dll+0x245235]
V  [jvm.dll+0x672539]
V  [jvm.dll+0x666e82]
V  [jvm.dll+0x30401b]
V  [jvm.dll+0x30b566]
V  [jvm.dll+0x35b1fe]
V  [jvm.dll+0x35b42f]
V  [jvm.dll+0x2daf58]
V  [jvm.dll+0x2dbec4]
V  [jvm.dll+0x801881]
V  [jvm.dll+0x368f81]
V  [jvm.dll+0x7e0cdc]
V  [jvm.dll+0x3eb8bf]
V  [jvm.dll+0x3ed441]
C  [jli.dll+0x5277]
C  [ucrtbase.dll+0x21bb2]
C  [KERNEL32.DLL+0x17034]
C  [ntdll.dll+0x52651]


---------------  P R O C E S S  ---------------

Threads class SMR info:
_java_thread_list=0x00007ffcecc85e98, length=0, elements={
}

Java Threads: ( => current thread )

Other Threads:
  0x000002b3f13cc140 GCTaskThread "GC Thread#0" [stack: 0x000000ebb6400000,0x000000ebb6500000] [id=28376]
  0x000002b3f13dd420 ConcurrentGCThread "G1 Main Marker" [stack: 0x000000ebb6500000,0x000000ebb6600000] [id=14224]
  0x000002b3f13dee40 ConcurrentGCThread "G1 Conc#0" [stack: 0x000000ebb6600000,0x000000ebb6700000] [id=17292]

[error occurred during error reporting (printing all threads), id 0xc0000005, EXCEPTION_ACCESS_VIOLATION (0xc0000005) at pc=0x00007ffcec45b9d7]

VM state: not at safepoint (not fully initialized)

VM Mutex/Monitor currently owned by a thread:  ([mutex/lock_event])
[0x000002b3f1379e20] Heap_lock - owner thread: 0x000002b3f137d4b0

Heap address: 0x0000000704000000, size: 4032 MB, Compressed Oops mode: Zero based, Oop shift amount: 3

CDS archive(s) mapped at: [0x0000000000000000-0x0000000000000000-0x0000000000000000), size 0, SharedBaseAddress: 0x0000000800000000, ArchiveRelocationMode: 0.
Narrow klass base: 0x0000000000000000, Narrow klass shift: 0, Narrow klass range: 0x0

GC Precious Log:
<Empty>

Heap:
 garbage-first heap   total 0K, used 0K [0x0000000704000000, 0x0000000800000000)
  region size 2048K, 0 young (0K), 0 survivors (0K)

[error occurred during error reporting (printing heap information), id 0xc0000005, EXCEPTION_ACCESS_VIOLATION (0xc0000005) at pc=0x00007ffcec83e899]

GC Heap History (0 events):
No events

Deoptimization events (0 events):
No events

Classes unloaded (0 events):
No events

Classes redefined (0 events):
No events

Internal exceptions (0 events):
No events

VM Operations (0 events):
No events

Events (1 events):
Event: 0.009 Loaded shared library C:\Users\marie\.p2\pool\plugins\org.eclipse.justj.openjdk.hotspot.jre.full.win32.x86_64_17.0.2.v20220201-1208\jre\bin\java.dll


Dynamic libraries:
0x00007ff766960000 - 0x00007ff76696e000 	C:\Users\marie\.p2\pool\plugins\org.eclipse.justj.openjdk.hotspot.jre.full.win32.x86_64_17.0.2.v20220201-1208\jre\bin\javaw.exe
0x00007ffd6fb50000 - 0x00007ffd6fd45000 	C:\WINDOWS\SYSTEM32\ntdll.dll
0x00007ffd6f890000 - 0x00007ffd6f94d000 	C:\WINDOWS\System32\KERNEL32.DLL
0x00007ffd6d3d0000 - 0x00007ffd6d69d000 	C:\WINDOWS\System32\KERNELBASE.dll
0x00007ffd6d7e0000 - 0x00007ffd6d8e0000 	C:\WINDOWS\System32\ucrtbase.dll
0x00007ffd3b220000 - 0x00007ffd3b238000 	C:\Users\marie\.p2\pool\plugins\org.eclipse.justj.openjdk.hotspot.jre.full.win32.x86_64_17.0.2.v20220201-1208\jre\bin\jli.dll
0x00007ffd3aef0000 - 0x00007ffd3af09000 	C:\Users\marie\.p2\pool\plugins\org.eclipse.justj.openjdk.hotspot.jre.full.win32.x86_64_17.0.2.v20220201-1208\jre\bin\VCRUNTIME140.dll
0x00007ffd6de30000 - 0x00007ffd6dfd0000 	C:\WINDOWS\System32\USER32.dll
0x00007ffd6d260000 - 0x00007ffd6d282000 	C:\WINDOWS\System32\win32u.dll
0x00007ffd56ed0000 - 0x00007ffd5716a000 	C:\WINDOWS\WinSxS\amd64_microsoft.windows.common-controls_6595b64144ccf1df_6.0.19041.1110_none_60b5254171f9507e\COMCTL32.dll
0x00007ffd6f4e0000 - 0x00007ffd6f50a000 	C:\WINDOWS\System32\GDI32.dll
0x00007ffd6eee0000 - 0x00007ffd6ef7e000 	C:\WINDOWS\System32\msvcrt.dll
0x00007ffd6d8e0000 - 0x00007ffd6d9eb000 	C:\WINDOWS\System32\gdi32full.dll
0x00007ffd6d740000 - 0x00007ffd6d7dd000 	C:\WINDOWS\System32\msvcp_win.dll
0x00007ffd6f9b0000 - 0x00007ffd6f9e0000 	C:\WINDOWS\System32\IMM32.DLL
0x00007ffd643a0000 - 0x00007ffd643ac000 	C:\Users\marie\.p2\pool\plugins\org.eclipse.justj.openjdk.hotspot.jre.full.win32.x86_64_17.0.2.v20220201-1208\jre\bin\vcruntime140_1.dll
0x00007ffd0fba0000 - 0x00007ffd0fc31000 	C:\Users\marie\.p2\pool\plugins\org.eclipse.justj.openjdk.hotspot.jre.full.win32.x86_64_17.0.2.v20220201-1208\jre\bin\msvcp140.dll
0x00007ffcec170000 - 0x00007ffcecdb7000 	C:\Users\marie\.p2\pool\plugins\org.eclipse.justj.openjdk.hotspot.jre.full.win32.x86_64_17.0.2.v20220201-1208\jre\bin\server\jvm.dll
0x00007ffd6f6b0000 - 0x00007ffd6f75e000 	C:\WINDOWS\System32\ADVAPI32.dll
0x00007ffd6ee40000 - 0x00007ffd6eedc000 	C:\WINDOWS\System32\sechost.dll
0x00007ffd6ecb0000 - 0x00007ffd6edd5000 	C:\WINDOWS\System32\RPCRT4.dll
0x00007ffd6f580000 - 0x00007ffd6f588000 	C:\WINDOWS\System32\PSAPI.DLL
0x00007ffd3f750000 - 0x00007ffd3f777000 	C:\WINDOWS\SYSTEM32\WINMM.dll
0x00007ffd60590000 - 0x00007ffd6059a000 	C:\WINDOWS\SYSTEM32\VERSION.dll
0x00007ffd4e260000 - 0x00007ffd4e269000 	C:\WINDOWS\SYSTEM32\WSOCK32.dll
0x00007ffd6f510000 - 0x00007ffd6f57b000 	C:\WINDOWS\System32\WS2_32.dll
0x00007ffd6b140000 - 0x00007ffd6b152000 	C:\WINDOWS\SYSTEM32\kernel.appcore.dll
0x00007ffd60ce0000 - 0x00007ffd60cea000 	C:\Users\marie\.p2\pool\plugins\org.eclipse.justj.openjdk.hotspot.jre.full.win32.x86_64_17.0.2.v20220201-1208\jre\bin\jimage.dll
0x00007ffd6aab0000 - 0x00007ffd6ac94000 	C:\WINDOWS\SYSTEM32\DBGHELP.DLL
0x00007ffd51770000 - 0x00007ffd5179c000 	C:\WINDOWS\SYSTEM32\dbgcore.DLL
0x00007ffd6d290000 - 0x00007ffd6d312000 	C:\WINDOWS\System32\bcryptPrimitives.dll
0x00007ffd3b9f0000 - 0x00007ffd3ba15000 	C:\Users\marie\.p2\pool\plugins\org.eclipse.justj.openjdk.hotspot.jre.full.win32.x86_64_17.0.2.v20220201-1208\jre\bin\java.dll

dbghelp: loaded successfully - version: 4.0.5 - missing functions: none
symbol engine: initialized successfully - sym options: 0x614 - pdb path: .;C:\Users\marie\.p2\pool\plugins\org.eclipse.justj.openjdk.hotspot.jre.full.win32.x86_64_17.0.2.v20220201-1208\jre\bin;C:\WINDOWS\SYSTEM32;C:\WINDOWS\WinSxS\amd64_microsoft.windows.common-controls_6595b64144ccf1df_6.0.19041.1110_none_60b5254171f9507e;C:\Users\marie\.p2\pool\plugins\org.eclipse.justj.openjdk.hotspot.jre.full.win32.x86_64_17.0.2.v20220201-1208\jre\bin\server

VM Arguments:
jvm_args: -Dfile.encoding=Cp1252 -XX:+ShowCodeDetailsInExceptionMessages 
java_command: serveur.server
java_class_path (initial): C:\Users\marie\OneDrive\Desktop\TPResauxInf\serveur\bin
Launcher Type: SUN_STANDARD

[Global flags]
     intx CICompilerCount                          = 4                                         {product} {ergonomic}
     uint ConcGCThreads                            = 2                                         {product} {ergonomic}
     uint G1ConcRefinementThreads                  = 8                                         {product} {ergonomic}
   size_t G1HeapRegionSize                         = 2097152                                   {product} {ergonomic}
    uintx GCDrainStackTargetSize                   = 64                                        {product} {ergonomic}
   size_t InitialHeapSize                          = 264241152                                 {product} {ergonomic}
   size_t MarkStackSize                            = 4194304                                   {product} {ergonomic}
   size_t MaxHeapSize                              = 4227858432                                {product} {ergonomic}
   size_t MinHeapDeltaBytes                        = 2097152                                   {product} {ergonomic}
   size_t MinHeapSize                              = 8388608                                   {product} {ergonomic}
    uintx NonNMethodCodeHeapSize                   = 5839372                                {pd product} {ergonomic}
    uintx NonProfiledCodeHeapSize                  = 122909434                              {pd product} {ergonomic}
    uintx ProfiledCodeHeapSize                     = 122909434                              {pd product} {ergonomic}
    uintx ReservedCodeCacheSize                    = 251658240                              {pd product} {ergonomic}
     bool SegmentedCodeCache                       = true                                      {product} {ergonomic}
     bool ShowCodeDetailsInExceptionMessages       = true                                   {manageable} {command line}
   size_t SoftMaxHeapSize                          = 4227858432                             {manageable} {ergonomic}
     bool UseCompressedClassPointers               = true                           {product lp64_product} {ergonomic}
     bool UseCompressedOops                        = true                           {product lp64_product} {ergonomic}
     bool UseG1GC                                  = true                                      {product} {ergonomic}
     bool UseLargePagesIndividualAllocation        = false                                  {pd product} {ergonomic}

Logging:
Log output configuration:
 #0: stdout all=warning uptime,level,tags
 #1: stderr all=off uptime,level,tags

Environment Variables:
PATH=C:/Users/marie/.p2/pool/plugins/org.eclipse.justj.openjdk.hotspot.jre.full.win32.x86_64_17.0.2.v20220201-1208/jre/bin/server;C:/Users/marie/.p2/pool/plugins/org.eclipse.justj.openjdk.hotspot.jre.full.win32.x86_64_17.0.2.v20220201-1208/jre/bin;C:\Program Files (x86)\VMware\VMware Workstation\bin\;C:\Program Files (x86)\Common Files\Oracle\Java\javapath;C:\WINDOWS\system32;C:\WINDOWS;C:\WINDOWS\System32\Wbem;C:\WINDOWS\System32\WindowsPowerShell\v1.0\;C:\WINDOWS\System32\OpenSSH\;C:\Program Files\Microsoft SQL Server\130\Tools\Binn\;C:\Program Files\Microsoft SQL Server\Client SDK\ODBC\170\Tools\Binn\;C:\Program Files\dotnet\;C:\Program Files (x86)\mingw-w64\i686-8.1.0-posix-dwarf-rt_v6-rev0;C:\Program Files\Git\cmd;C:\Program Files\Git\usr\bin;C:\Users\marie\AppData\Local\Programs\Python\Python39\Scripts\;C:\Users\marie\AppData\Local\Programs\Python\Python39\;C:\Users\marie\AppData\Local\Microsoft\WindowsApps;C:\Users\marie\AppData\Roaming\Dashlane\6.2037.0.39131\bin\Firefox_Extension\{442718d9-475e-452a-b3e1-fb1ee16b8e9f}\components;C:\Users\marie\AppData\Roaming\Dashlane\6.2037.0.39131\ucrt;C:\Users\marie\AppData\Roaming\Dashlane\6.2037.0.39131\bin\Qt;C:\Users\marie\AppData\Roaming\Dashlane\6.2037.0.39131\ucrt;C:\Users\marie\AppData\Roaming\Dashlane\6.2037.0.39131\bin\Ssl;C:\Users\marie\.dotnet\tools;C:\Program Files\JetBrains\PyCharm Community Edition 2021.1.1\bin;;C:\Users\marie\AppData\Local\GitHubDesktop\bin;C:\Users\marie\OneDrive\Desktop;
USERNAME=marie
OS=Windows_NT
PROCESSOR_IDENTIFIER=Intel64 Family 6 Model 142 Stepping 12, GenuineIntel



---------------  S Y S T E M  ---------------

OS:
 Windows 10 , 64 bit Build 19041 (10.0.19041.1706)
OS uptime: 1 days 3:45 hours

CPU: total 8 (initial active 8) (4 cores per cpu, 2 threads per core) family 6 model 142 stepping 12 microcode 0xd6, cx8, cmov, fxsr, ht, mmx, 3dnowpref, sse, sse2, sse3, ssse3, sse4.1, sse4.2, popcnt, lzcnt, tsc, tscinvbit, avx, avx2, aes, erms, clmul, bmi1, bmi2, adx, fma, vzeroupper, clflush, clflushopt

Memory: 4k page, system-wide physical 16124M (3903M free)
TotalPageFile size 17923M (AvailPageFile size 116M)
current process WorkingSet (physical memory assigned to process): 10M, peak: 10M
current process commit charge ("private bytes"): 60M, peak: 312M

vm_info: OpenJDK 64-Bit Server VM (17.0.2+8) for windows-amd64 JRE (17.0.2+8), built on Jan 20 2022 04:52:34 by "" with MS VC++ 16.7 (VS2019)

END.
